Determining if the pthread_create exist failed with the following output:
Change Dir: /home/fil/Documentos/caffe_pruebas/build/CMakeFiles/CMakeTmp

Run Build Command:"/usr/bin/make" "cmTC_771db/fast"
/usr/bin/make -f CMakeFiles/cmTC_771db.dir/build.make CMakeFiles/cmTC_771db.dir/build
make[1]: se entra en el directorio '/home/fil/Documentos/caffe_pruebas/build/CMakeFiles/CMakeTmp'
Building C object CMakeFiles/cmTC_771db.dir/CheckSymbolExists.c.o
/usr/bin/cc    -fPIC    -o CMakeFiles/cmTC_771db.dir/CheckSymbolExists.c.o   -c /home/fil/Documentos/caffe_pruebas/build/CMakeFiles/CMakeTmp/CheckSymbolExists.c
Linking C executable cmTC_771db
/usr/local/bin/cmake -E cmake_link_script CMakeFiles/cmTC_771db.dir/link.txt --verbose=1
/usr/bin/cc  -fPIC     CMakeFiles/cmTC_771db.dir/CheckSymbolExists.c.o  -o cmTC_771db -rdynamic 
CMakeFiles/cmTC_771db.dir/CheckSymbolExists.c.o: En la función `main':
CheckSymbolExists.c:(.text+0x1b): referencia a `pthread_create' sin definir
collect2: error: ld returned 1 exit status
CMakeFiles/cmTC_771db.dir/build.make:97: fallo en las instrucciones para el objetivo 'cmTC_771db'
make[1]: *** [cmTC_771db] Error 1
make[1]: se sale del directorio '/home/fil/Documentos/caffe_pruebas/build/CMakeFiles/CMakeTmp'
Makefile:126: fallo en las instrucciones para el objetivo 'cmTC_771db/fast'
make: *** [cmTC_771db/fast] Error 2

File /home/fil/Documentos/caffe_pruebas/build/CMakeFiles/CMakeTmp/CheckSymbolExists.c:
/* */
#include <pthread.h>

int main(int argc, char** argv)
{
  (void)argv;
#ifndef pthread_create
  return ((int*)(&pthread_create))[argc];
#else
  (void)argc;
  return 0;
#endif
}

Determining if the function pthread_create exists in the pthreads failed with the following output:
Change Dir: /home/fil/Documentos/caffe_pruebas/build/CMakeFiles/CMakeTmp

Run Build Command:"/usr/bin/make" "cmTC_863fb/fast"
/usr/bin/make -f CMakeFiles/cmTC_863fb.dir/build.make CMakeFiles/cmTC_863fb.dir/build
make[1]: se entra en el directorio '/home/fil/Documentos/caffe_pruebas/build/CMakeFiles/CMakeTmp'
Building C object CMakeFiles/cmTC_863fb.dir/CheckFunctionExists.c.o
/usr/bin/cc    -fPIC -DCHECK_FUNCTION_EXISTS=pthread_create   -o CMakeFiles/cmTC_863fb.dir/CheckFunctionExists.c.o   -c /usr/local/share/cmake-3.6/Modules/CheckFunctionExists.c
Linking C executable cmTC_863fb
/usr/local/bin/cmake -E cmake_link_script CMakeFiles/cmTC_863fb.dir/link.txt --verbose=1
/usr/bin/cc  -fPIC -DCHECK_FUNCTION_EXISTS=pthread_create    CMakeFiles/cmTC_863fb.dir/CheckFunctionExists.c.o  -o cmTC_863fb -rdynamic -lpthreads 
/usr/bin/ld: no se puede encontrar -lpthreads
collect2: error: ld returned 1 exit status
CMakeFiles/cmTC_863fb.dir/build.make:97: fallo en las instrucciones para el objetivo 'cmTC_863fb'
make[1]: *** [cmTC_863fb] Error 1
make[1]: se sale del directorio '/home/fil/Documentos/caffe_pruebas/build/CMakeFiles/CMakeTmp'
Makefile:126: fallo en las instrucciones para el objetivo 'cmTC_863fb/fast'
make: *** [cmTC_863fb/fast] Error 2


