Determining if the pthread_create exist failed with the following output:
Change Dir: /home/fil/Documentos/caffe_pruebas/xor/build/CMakeFiles/CMakeTmp

Run Build Command:"/usr/bin/make" "cmTC_8ace7/fast"
/usr/bin/make -f CMakeFiles/cmTC_8ace7.dir/build.make CMakeFiles/cmTC_8ace7.dir/build
make[1]: se entra en el directorio '/home/fil/Documentos/caffe_pruebas/xor/build/CMakeFiles/CMakeTmp'
Building C object CMakeFiles/cmTC_8ace7.dir/CheckSymbolExists.c.o
/usr/bin/cc    -fPIC    -o CMakeFiles/cmTC_8ace7.dir/CheckSymbolExists.c.o   -c /home/fil/Documentos/caffe_pruebas/xor/build/CMakeFiles/CMakeTmp/CheckSymbolExists.c
Linking C executable cmTC_8ace7
/usr/local/bin/cmake -E cmake_link_script CMakeFiles/cmTC_8ace7.dir/link.txt --verbose=1
/usr/bin/cc  -fPIC     CMakeFiles/cmTC_8ace7.dir/CheckSymbolExists.c.o  -o cmTC_8ace7 -rdynamic 
CMakeFiles/cmTC_8ace7.dir/CheckSymbolExists.c.o: En la función `main':
CheckSymbolExists.c:(.text+0x1b): referencia a `pthread_create' sin definir
collect2: error: ld returned 1 exit status
CMakeFiles/cmTC_8ace7.dir/build.make:97: fallo en las instrucciones para el objetivo 'cmTC_8ace7'
make[1]: *** [cmTC_8ace7] Error 1
make[1]: se sale del directorio '/home/fil/Documentos/caffe_pruebas/xor/build/CMakeFiles/CMakeTmp'
Makefile:126: fallo en las instrucciones para el objetivo 'cmTC_8ace7/fast'
make: *** [cmTC_8ace7/fast] Error 2

File /home/fil/Documentos/caffe_pruebas/xor/build/CMakeFiles/CMakeTmp/CheckSymbolExists.c:
/* */
#include <pthread.h>

int main(int argc, char** argv)
{
  (void)argv;
#ifndef pthread_create
  return ((int*)(&pthread_create))[argc];
#else
  (void)argc;
  return 0;
#endif
}

Determining if the function pthread_create exists in the pthreads failed with the following output:
Change Dir: /home/fil/Documentos/caffe_pruebas/xor/build/CMakeFiles/CMakeTmp

Run Build Command:"/usr/bin/make" "cmTC_9b99a/fast"
/usr/bin/make -f CMakeFiles/cmTC_9b99a.dir/build.make CMakeFiles/cmTC_9b99a.dir/build
make[1]: se entra en el directorio '/home/fil/Documentos/caffe_pruebas/xor/build/CMakeFiles/CMakeTmp'
Building C object CMakeFiles/cmTC_9b99a.dir/CheckFunctionExists.c.o
/usr/bin/cc    -fPIC -DCHECK_FUNCTION_EXISTS=pthread_create   -o CMakeFiles/cmTC_9b99a.dir/CheckFunctionExists.c.o   -c /usr/local/share/cmake-3.6/Modules/CheckFunctionExists.c
Linking C executable cmTC_9b99a
/usr/local/bin/cmake -E cmake_link_script CMakeFiles/cmTC_9b99a.dir/link.txt --verbose=1
/usr/bin/cc  -fPIC -DCHECK_FUNCTION_EXISTS=pthread_create    CMakeFiles/cmTC_9b99a.dir/CheckFunctionExists.c.o  -o cmTC_9b99a -rdynamic -lpthreads 
/usr/bin/ld: no se puede encontrar -lpthreads
collect2: error: ld returned 1 exit status
CMakeFiles/cmTC_9b99a.dir/build.make:97: fallo en las instrucciones para el objetivo 'cmTC_9b99a'
make[1]: *** [cmTC_9b99a] Error 1
make[1]: se sale del directorio '/home/fil/Documentos/caffe_pruebas/xor/build/CMakeFiles/CMakeTmp'
Makefile:126: fallo en las instrucciones para el objetivo 'cmTC_9b99a/fast'
make: *** [cmTC_9b99a/fast] Error 2


Determining if the pthread_create exist failed with the following output:
Change Dir: /home/fil/Documentos/caffe_pruebas/xor/build/CMakeFiles/CMakeTmp

Run Build Command:"/usr/bin/make" "cmTC_edabc/fast"
/usr/bin/make -f CMakeFiles/cmTC_edabc.dir/build.make CMakeFiles/cmTC_edabc.dir/build
make[1]: se entra en el directorio '/home/fil/Documentos/caffe_pruebas/xor/build/CMakeFiles/CMakeTmp'
Building C object CMakeFiles/cmTC_edabc.dir/CheckSymbolExists.c.o
/usr/bin/cc    -fPIC    -o CMakeFiles/cmTC_edabc.dir/CheckSymbolExists.c.o   -c /home/fil/Documentos/caffe_pruebas/xor/build/CMakeFiles/CMakeTmp/CheckSymbolExists.c
Linking C executable cmTC_edabc
/usr/local/bin/cmake -E cmake_link_script CMakeFiles/cmTC_edabc.dir/link.txt --verbose=1
/usr/bin/cc  -fPIC     CMakeFiles/cmTC_edabc.dir/CheckSymbolExists.c.o  -o cmTC_edabc -rdynamic 
CMakeFiles/cmTC_edabc.dir/CheckSymbolExists.c.o: En la función `main':
CheckSymbolExists.c:(.text+0x1b): referencia a `pthread_create' sin definir
collect2: error: ld returned 1 exit status
CMakeFiles/cmTC_edabc.dir/build.make:97: fallo en las instrucciones para el objetivo 'cmTC_edabc'
make[1]: *** [cmTC_edabc] Error 1
make[1]: se sale del directorio '/home/fil/Documentos/caffe_pruebas/xor/build/CMakeFiles/CMakeTmp'
Makefile:126: fallo en las instrucciones para el objetivo 'cmTC_edabc/fast'
make: *** [cmTC_edabc/fast] Error 2

File /home/fil/Documentos/caffe_pruebas/xor/build/CMakeFiles/CMakeTmp/CheckSymbolExists.c:
/* */
#include <pthread.h>

int main(int argc, char** argv)
{
  (void)argv;
#ifndef pthread_create
  return ((int*)(&pthread_create))[argc];
#else
  (void)argc;
  return 0;
#endif
}

Determining if the function pthread_create exists in the pthreads failed with the following output:
Change Dir: /home/fil/Documentos/caffe_pruebas/xor/build/CMakeFiles/CMakeTmp

Run Build Command:"/usr/bin/make" "cmTC_91f39/fast"
/usr/bin/make -f CMakeFiles/cmTC_91f39.dir/build.make CMakeFiles/cmTC_91f39.dir/build
make[1]: se entra en el directorio '/home/fil/Documentos/caffe_pruebas/xor/build/CMakeFiles/CMakeTmp'
Building C object CMakeFiles/cmTC_91f39.dir/CheckFunctionExists.c.o
/usr/bin/cc    -fPIC -DCHECK_FUNCTION_EXISTS=pthread_create   -o CMakeFiles/cmTC_91f39.dir/CheckFunctionExists.c.o   -c /usr/local/share/cmake-3.6/Modules/CheckFunctionExists.c
Linking C executable cmTC_91f39
/usr/local/bin/cmake -E cmake_link_script CMakeFiles/cmTC_91f39.dir/link.txt --verbose=1
/usr/bin/cc  -fPIC -DCHECK_FUNCTION_EXISTS=pthread_create    CMakeFiles/cmTC_91f39.dir/CheckFunctionExists.c.o  -o cmTC_91f39 -rdynamic -lpthreads 
/usr/bin/ld: no se puede encontrar -lpthreads
collect2: error: ld returned 1 exit status
CMakeFiles/cmTC_91f39.dir/build.make:97: fallo en las instrucciones para el objetivo 'cmTC_91f39'
make[1]: *** [cmTC_91f39] Error 1
make[1]: se sale del directorio '/home/fil/Documentos/caffe_pruebas/xor/build/CMakeFiles/CMakeTmp'
Makefile:126: fallo en las instrucciones para el objetivo 'cmTC_91f39/fast'
make: *** [cmTC_91f39/fast] Error 2


